[2020-05-13T22:26:36.422757+03:00] somesite.INFO: User class initialized user:  Username =   First name =   Email =   Has 2FA: false Role = Reguliere gebruiker  Permissions:  Must change password at next logon: false Account is disabled: false Timestamp:   [] []
[2020-05-13T22:26:56.025013+03:00] somesite.INFO: User class initialized user:  Username =   First name =   Email =   Has 2FA: false Role = Reguliere gebruiker  Permissions:  Must change password at next logon: false Account is disabled: false Timestamp:   [] []
[2020-05-13T22:27:01.040249+03:00] somesite.INFO: User class initialized user:  Username =   First name =   Email =   Has 2FA: false Role = Reguliere gebruiker  Permissions:  Must change password at next logon: false Account is disabled: false Timestamp:   [] []
[2020-05-13T22:27:01.041644+03:00] somesite.INFO: User class initialized user:  Username =   First name =   Email =   Has 2FA: false Role = Reguliere gebruiker  Permissions:  Must change password at next logon: false Account is disabled: false Timestamp:   [] []
[2020-05-13T22:27:11.347560+03:00] somesite.INFO: User class initialized user:  Username =   First name =   Email =   Has 2FA: false Role = Reguliere gebruiker  Permissions:  Must change password at next logon: false Account is disabled: false Timestamp:   [] []
[2020-05-13T22:27:11.348060+03:00] somesite.INFO: Requesting read of username "admin" [] []
[2020-05-13T22:27:11.358313+03:00] somesite.INFO: Match found in database with username "admin" [] []
[2020-05-13T22:27:11.358690+03:00] somesite.INFO: User class initialized user:  Username = admin  First name = Administrator  Email = admin@voorbeeld.local  Has 2FA: true Role = Administrator  Permissions: PERMISSION_ARCHIVE_ACCOUNT | PERMISSION_CREATE_ACCOUNT | PERMISSION_DELETE_ACCOUNT | PERMISSION_READ_ACCOUNT | PERMISSION_UPDATE_ACCOUNT Must change password at next logon: false Account is disabled: false Timestamp: 2020-05-12 22:06:02  [] []
[2020-05-13T22:27:11.359246+03:00] somesite.INFO: Authentication requested [] []
[2020-05-13T22:27:11.416197+03:00] somesite.INFO: Password and/or 2FA don't match the stored credentials, destroy the session [] []
[2020-05-13T22:27:11.416572+03:00] somesite.INFO: User class initialized user:  Username =   First name =   Email =   Has 2FA: false Role = Reguliere gebruiker  Permissions:  Must change password at next logon: false Account is disabled: false Timestamp:   [] []
[2020-05-13T22:27:11.417396+03:00] somesite.INFO: User class initialized user:  Username =   First name =   Email =   Has 2FA: false Role = Reguliere gebruiker  Permissions:  Must change password at next logon: false Account is disabled: false Timestamp:   [] []
[2020-05-13T22:33:27.201453+03:00] somesite.INFO: Initialized logger [] []
[2020-05-13T22:33:56.653891+03:00] somesite.INFO: User class initialized user:  Username =   First name =   Email =   Has 2FA: false Role = Reguliere gebruiker  Permissions:  Must change password at next logon: false Account is disabled: false Timestamp:   [] []
[2020-05-13T22:33:56.654687+03:00] somesite.INFO: User class initialized user:  Username =   First name =   Email =   Has 2FA: false Role = Reguliere gebruiker  Permissions:  Must change password at next logon: false Account is disabled: false Timestamp:   [] []
[2020-05-13T22:34:05.981785+03:00] somesite.INFO: User class initialized user:  Username =   First name =   Email =   Has 2FA: false Role = Reguliere gebruiker  Permissions:  Must change password at next logon: false Account is disabled: false Timestamp:   [] []
[2020-05-13T22:34:05.982271+03:00] somesite.INFO: Requesting read of username "sdfsadf" [] []
[2020-05-13T22:34:05.983226+03:00] somesite.INFO: Match found in database with username "sdfsadf" [] []
[2020-05-13T22:34:05.983579+03:00] somesite.INFO: User class initialized user:  Username =   First name =   Email =   Has 2FA: false Role = Reguliere gebruiker  Permissions:  Must change password at next logon: false Account is disabled: false Timestamp:   [] []
[2020-05-13T22:34:05.983892+03:00] somesite.INFO: Authentication requested [] []
[2020-05-13T22:34:05.984345+03:00] somesite.INFO: Password and/or 2FA don't match the stored credentials, destroy the session [] []
[2020-05-13T22:34:05.984666+03:00] somesite.INFO: User class initialized user:  Username =   First name =   Email =   Has 2FA: false Role = Reguliere gebruiker  Permissions:  Must change password at next logon: false Account is disabled: false Timestamp:   [] []
[2020-05-13T22:34:05.985438+03:00] somesite.INFO: User class initialized user:  Username =   First name =   Email =   Has 2FA: false Role = Reguliere gebruiker  Permissions:  Must change password at next logon: false Account is disabled: false Timestamp:   [] []
[2020-05-13T22:35:05.124768+03:00] somesite.INFO: User class initialized user:  Username =   First name =   Email =   Has 2FA: false Role = Reguliere gebruiker  Permissions:  Must change password at next logon: false Account is disabled: false Timestamp:   [] []
[2020-05-13T22:35:05.125344+03:00] somesite.INFO: Requesting read of username "sdfsadf" [] []
[2020-05-13T22:35:05.126265+03:00] somesite.INFO: Match found in database with username "sdfsadf" [] []
[2020-05-13T22:35:38.587742+03:00] somesite.INFO: User class initialized user:  Username =   First name =   Email =   Has 2FA: false Role = Reguliere gebruiker  Permissions:  Must change password at next logon: false Account is disabled: false Timestamp:   [] []
[2020-05-13T22:35:38.588115+03:00] somesite.INFO: Authentication requested [] []
[2020-05-13T22:35:38.588512+03:00] somesite.INFO: Password and/or 2FA don't match the stored credentials, destroy the session [] []
[2020-05-13T22:35:38.588834+03:00] somesite.INFO: User class initialized user:  Username =   First name =   Email =   Has 2FA: false Role = Reguliere gebruiker  Permissions:  Must change password at next logon: false Account is disabled: false Timestamp:   [] []
[2020-05-13T22:35:38.589790+03:00] somesite.INFO: User class initialized user:  Username =   First name =   Email =   Has 2FA: false Role = Reguliere gebruiker  Permissions:  Must change password at next logon: false Account is disabled: false Timestamp:   [] []
[2020-05-13T22:37:15.365902+03:00] somesite.INFO: User class initialized user:  Username =   First name =   Email =   Has 2FA: false Role = Reguliere gebruiker  Permissions:  Must change password at next logon: false Account is disabled: false Timestamp:   [] []
[2020-05-13T22:37:15.366439+03:00] somesite.INFO: Requesting read of username "asdf" [] []
[2020-05-13T22:37:15.366766+03:00] somesite.INFO: User class initialized user:  Username =   First name =   Email =   Has 2FA: false Role = Reguliere gebruiker  Permissions:  Must change password at next logon: false Account is disabled: false Timestamp:   [] []
[2020-05-13T22:37:15.367844+03:00] somesite.INFO: User class initialized user:  Username =   First name =   Email =   Has 2FA: false Role = Reguliere gebruiker  Permissions:  Must change password at next logon: false Account is disabled: false Timestamp:   [] []
